  Axe.cpp
  Chest.cpp
C:\Users\battl\OneDrive\Documents\GitHub\DungeonCrawl\MazeGame\MazeGame\Chest.cpp(13,68): warning C4244: 'argument': conversion from '_Rep' to 'unsigned int', possible loss of data
          with
          [
              _Rep=std::chrono::system_clock::rep
          ]
C:\Users\battl\OneDrive\Documents\GitHub\DungeonCrawl\MazeGame\MazeGame\Chest.cpp(31,68): warning C4244: 'argument': conversion from '_Rep' to 'unsigned int', possible loss of data
          with
          [
              _Rep=std::chrono::system_clock::rep
          ]
  Coin.cpp
C:\Users\battl\OneDrive\Documents\GitHub\DungeonCrawl\MazeGame\MazeGame\Coin.cpp(11,68): warning C4244: 'argument': conversion from '_Rep' to 'unsigned int', possible loss of data
          with
          [
              _Rep=std::chrono::system_clock::rep
          ]
C:\Users\battl\OneDrive\Documents\GitHub\DungeonCrawl\MazeGame\MazeGame\Coin.cpp(17,68): warning C4244: 'argument': conversion from '_Rep' to 'unsigned int', possible loss of data
          with
          [
              _Rep=std::chrono::system_clock::rep
          ]
  Door.cpp
  EnchantedMazeBuilder.cpp
  EnchantedWall.cpp
  Enemy.cpp
  Equipment.cpp
  Explorer.cpp
  GameState.cpp
  GameWidgets.cpp
  Key.cpp
  Mace.cpp
  Maze.cpp
  MazeFactory.cpp
  Orc.cpp
  RandomMazeBuilder.cpp
C:\Users\battl\OneDrive\Documents\GitHub\DungeonCrawl\MazeGame\MazeGame\RandomMazeBuilder.cpp(22,68): warning C4244: 'argument': conversion from '_Rep' to 'unsigned int', possible loss of data
          with
          [
              _Rep=std::chrono::system_clock::rep
          ]
C:\Users\battl\OneDrive\Documents\GitHub\DungeonCrawl\MazeGame\MazeGame\RandomMazeBuilder.cpp(54,48): warning C4267: 'argument': conversion from 'size_t' to 'int', possible loss of data
C:\Users\battl\OneDrive\Documents\GitHub\DungeonCrawl\MazeGame\MazeGame\RandomMazeBuilder.cpp(91,59): warning C4267: 'argument': conversion from 'size_t' to '_Ty', possible loss of data
          with
          [
              _Ty=int
          ]
  Room.cpp
  StandardMazeBuilder.cpp
  Sword.cpp
  Generating Code...
  Compiling...
  Wall.cpp
  Weapons.cpp
  main.cpp
C:\Users\battl\OneDrive\Documents\GitHub\DungeonCrawl\MazeGame\MazeGame\main.cpp(211,9): warning C4551: function call missing argument list
  Generating Code...
  MazeGame.vcxproj -> C:\Users\battl\OneDrive\Documents\GitHub\DungeonCrawl\MazeGame\x64\Debug\MazeGame.exe
